{"numTotalTestSuites":2,"numPassedTestSuites":2,"numFailedTestSuites":0,"numPendingTestSuites":0,"numTotalTests":2,"numPassedTests":2,"numFailedTests":0,"numPendingTests":0,"numTodoTests":0,"snapshot":{"added":0,"failure":false,"filesAdded":0,"filesRemoved":0,"filesRemovedList":[],"filesUnmatched":0,"filesUpdated":0,"matched":0,"total":0,"unchecked":0,"uncheckedKeysByFile":[],"unmatched":0,"updated":0,"didUpdate":false},"startTime":1778180463533,"success":true,"testResults":[{"assertionResults":[{"ancestorTitles":["game-websocket make_move security invariants (unit)"],"fullName":"game-websocket make_move security invariants (unit) rejects a non-participant (session isolation invariant)","status":"passed","title":"rejects a non-participant (session isolation invariant)","duration":5.091599999999971,"failureMessages":[],"meta":{},"tags":[]},{"ancestorTitles":["game-websocket make_move security invariants (unit)"],"fullName":"game-websocket make_move security invariants (unit) rejects turn mismatch without leaking preState/dbState in payload","status":"passed","title":"rejects turn mismatch without leaking preState/dbState in payload","duration":1.3290999999999258,"failureMessages":[],"meta":{},"tags":[]}],"startTime":1778180465614,"endTime":1778180465620.329,"status":"passed","message":"","name":"C:/Users/cex/Desktop/vixo/tests/game-websocket-make-move-security.test.ts"}]}