{"numTotalTestSuites":3,"numPassedTestSuites":0,"numFailedTestSuites":3,"numPendingTestSuites":0,"numTotalTests":4,"numPassedTests":2,"numFailedTests":2,"numPendingTests":0,"numTodoTests":0,"snapshot":{"added":0,"failure":false,"filesAdded":0,"filesRemoved":0,"filesRemovedList":[],"filesUnmatched":0,"filesUpdated":0,"matched":0,"total":0,"unchecked":0,"uncheckedKeysByFile":[],"unmatched":0,"updated":0,"didUpdate":false},"startTime":1778117501266,"success":false,"testResults":[{"assertionResults":[{"ancestorTitles":["useCallSession on native Android — call-permission ordering"],"fullName":"useCallSession on native Android — call-permission ordering invokes the plugin's requestCallMediaPermissions BEFORE navigator.mediaDevices.getUserMedia","status":"passed","title":"invokes the plugin's requestCallMediaPermissions BEFORE navigator.mediaDevices.getUserMedia","duration":62.25469999999996,"failureMessages":[],"meta":{},"tags":[]},{"ancestorTitles":["useCallSession on native Android — call-permission ordering"],"fullName":"useCallSession on native Android — call-permission ordering opens the rationale modal with permanentlyDenied:true when the plugin reports microphonePermanentlyDenied","status":"failed","title":"opens the rationale modal with permanentlyDenied:true when the plugin reports microphonePermanentlyDenied","duration":21.00260000000003,"failureMessages":["AssertionError: expected 0 to be greater than or equal to 2\n    at C:/Users/cex/Desktop/vixo/tests/call-permission-native-android-ordering.test.tsx:383:26\n    at file:///C:/Users/cex/Desktop/vixo/node_modules/@vitest/runner/dist/chunk-artifact.js:1903:20"],"meta":{},"tags":[]},{"ancestorTitles":["VoiceChat on native Android — call-permission ordering"],"fullName":"VoiceChat on native Android — call-permission ordering invokes the plugin's requestCallMediaPermissions BEFORE navigator.mediaDevices.getUserMedia when the in-match voice toggle goes live","status":"passed","title":"invokes the plugin's requestCallMediaPermissions BEFORE navigator.mediaDevices.getUserMedia when the in-match voice toggle goes live","duration":184.22289999999998,"failureMessages":[],"meta":{},"tags":[]},{"ancestorTitles":["VoiceChat on native Android — call-permission ordering"],"fullName":"VoiceChat on native Android — call-permission ordering opens the rationale modal with permanentlyDenied:true and skips getUserMedia when the plugin reports microphonePermanentlyDenied","status":"failed","title":"opens the rationale modal with permanentlyDenied:true and skips getUserMedia when the plugin reports microphonePermanentlyDenied","duration":1062.4830000000002,"failureMessages":["AssertionError: expected 0 to be greater than or equal to 2\n\nIgnored nodes: comments, script, style\n\u001b[36m<html>\u001b[39m\n  \u001b[36m<head />\u001b[39m\n  \u001b[36m<body>\u001b[39m\n    \u001b[36m<div>\u001b[39m\n      \u001b[36m<div\u001b[39m\n        \u001b[33mclass\u001b[39m=\u001b[32m\"flex items-center gap-1\"\u001b[39m\n      \u001b[36m>\u001b[39m\n        \u001b[36m<div\u001b[39m\n          \u001b[33mclass\u001b[39m=\u001b[32m\"whitespace-nowrap inline-flex items-center rounded-md py-0.5 font-semibold transition-colors focus:outline-none focus:ring-2 focus:ring-ring focus:ring-offset-2 hover-elevate border-transparent text-secondary-foreground h-8 px-2 text-xs bg-transparent border\"\u001b[39m\n          \u001b[33mdata-state\u001b[39m=\u001b[32m\"closed\"\u001b[39m\n          \u001b[33mdata-testid\u001b[39m=\u001b[32m\"voice-connection-status\"\u001b[39m\n        \u001b[36m>\u001b[39m\n          \u001b[0mchallenge.voiceLive\u001b[0m\n        \u001b[36m</div>\u001b[39m\n        \u001b[36m<button\u001b[39m\n          \u001b[33mclass\u001b[39m=\u001b[32m\"inline-flex items-center justify-center gap-2 whitespace-nowrap rounded-md text-sm font-medium focus-visible:outline-none focus-visible:ring-1 focus-visible:ring-ring disabled:pointer-events-none disabled:opacity-50 [&_svg]:pointer-events-none [&_svg]:size-4 [&_svg]:shrink-0 hover-elevate active-elevate-2 vex-btn-3d border border-transparent h-9 w-9\"\u001b[39m\n          \u001b[33mdata-state\u001b[39m=\u001b[32m\"closed\"\u001b[39m\n          \u001b[33mdata-testid\u001b[39m=\u001b[32m\"button-mic-toggle\"\u001b[39m\n        \u001b[36m>\u001b[39m\n          \u001b[36m<svg\u001b[39m\n            \u001b[33mclass\u001b[39m=\u001b[32m\"lucide lucide-mic h-4 w-4\"\u001b[39m\n            \u001b[33mfill\u001b[39m=\u001b[32m\"none\"\u001b[39m\n            \u001b[33mheight\u001b[39m=\u001b[32m\"24\"\u001b[39m\n            \u001b[33mstroke\u001b[39m=\u001b[32m\"currentColor\"\u001b[39m\n            \u001b[33mstroke-linecap\u001b[39m=\u001b[32m\"round\"\u001b[39m\n            \u001b[33mstroke-linejoin\u001b[39m=\u001b[32m\"round\"\u001b[39m\n            \u001b[33mstroke-width\u001b[39m=\u001b[32m\"2\"\u001b[39m\n            \u001b[33mviewBox\u001b[39m=\u001b[32m\"0 0 24 24\"\u001b[39m\n            \u001b[33mwidth\u001b[39m=\u001b[32m\"24\"\u001b[39m\n            \u001b[33mxmlns\u001b[39m=\u001b[32m\"http://www.w3.org/2000/svg\"\u001b[39m\n          \u001b[36m>\u001b[39m\n            \u001b[36m<path\u001b[39m\n              \u001b[33md\u001b[39m=\u001b[32m\"M12 2a3 3 0 0 0-3 3v7a3 3 0 0 0 6 0V5a3 3 0 0 0-3-3Z\"\u001b[39m\n            \u001b[36m/>\u001b[39m\n            \u001b[36m<path\u001b[39m\n              \u001b[33md\u001b[39m=\u001b[32m\"M19 10v2a7 7 0 0 1-14 0v-2\"\u001b[39m\n            \u001b[36m/>\u001b[39m\n            \u001b[36m<line\u001b[39m\n              \u001b[33mx1\u001b[39m=\u001b[32m\"12\"\u001b[39m\n              \u001b[33mx2\u001b[39m=\u001b[32m\"12\"\u001b[39m\n              \u001b[33my1\u001b[39m=\u001b[32m\"19\"\u001b[39m\n              \u001b[33my2\u001b[39m=\u001b[32m\"22\"\u001b[39m\n            \u001b[36m/>\u001b[39m\n          \u001b[36m</svg>\u001b[39m\n        \u001b[36m</button>\u001b[39m\n      \u001b[36m</div>\u001b[39m\n    \u001b[36m</div>\u001b[39m\n  \u001b[36m</body>\u001b[39m\n\u001b[36m</html>\u001b[39m\n    at C:/Users/cex/Desktop/vixo/tests/call-permission-native-android-ordering.test.tsx:439:64\n    at runWithExpensiveErrorDiagnosticsDisabled (C:\\Users\\cex\\Desktop\\vixo\\node_modules\\@testing-library\\dom\\dist\\config.js:47:12)\n    at checkCallback (C:\\Users\\cex\\Desktop\\vixo\\node_modules\\@testing-library\\dom\\dist\\wait-for.js:124:77)\n    at Timeout.checkRealTimersCallback (C:\\Users\\cex\\Desktop\\vixo\\node_modules\\@testing-library\\dom\\dist\\wait-for.js:118:16)\n    at listOnTimeout (node:internal/timers:605:17)\n    at processTimers (node:internal/timers:541:7)"],"meta":{},"tags":[]}],"startTime":1778117503488,"endTime":1778117504819.483,"status":"failed","message":"","name":"C:/Users/cex/Desktop/vixo/tests/call-permission-native-android-ordering.test.tsx"}]}