{"numTotalTestSuites":3,"numPassedTestSuites":3,"numFailedTestSuites":0,"numPendingTestSuites":0,"numTotalTests":4,"numPassedTests":4,"numFailedTests":0,"numPendingTests":0,"numTodoTests":0,"snapshot":{"added":0,"failure":false,"filesAdded":0,"filesRemoved":0,"filesRemovedList":[],"filesUnmatched":0,"filesUpdated":0,"matched":0,"total":0,"unchecked":0,"uncheckedKeysByFile":[],"unmatched":0,"updated":0,"didUpdate":false},"startTime":1778119028057,"success":true,"testResults":[{"assertionResults":[{"ancestorTitles":["useCallSession on native Android — call-permission ordering"],"fullName":"useCallSession on native Android — call-permission ordering invokes the plugin's requestCallMediaPermissions BEFORE navigator.mediaDevices.getUserMedia","status":"passed","title":"invokes the plugin's requestCallMediaPermissions BEFORE navigator.mediaDevices.getUserMedia","duration":21.259399999999914,"failureMessages":[],"meta":{},"tags":[]},{"ancestorTitles":["useCallSession on native Android — call-permission ordering"],"fullName":"useCallSession on native Android — call-permission ordering opens the rationale modal with permanentlyDenied:true when the plugin reports microphonePermanentlyDenied","status":"passed","title":"opens the rationale modal with permanentlyDenied:true when the plugin reports microphonePermanentlyDenied","duration":15.932300000000055,"failureMessages":[],"meta":{},"tags":[]},{"ancestorTitles":["VoiceChat on native Android — call-permission ordering"],"fullName":"VoiceChat on native Android — call-permission ordering invokes the plugin's requestCallMediaPermissions BEFORE navigator.mediaDevices.getUserMedia when the in-match voice toggle goes live","status":"passed","title":"invokes the plugin's requestCallMediaPermissions BEFORE navigator.mediaDevices.getUserMedia when the in-match voice toggle goes live","duration":77.2324000000001,"failureMessages":[],"meta":{},"tags":[]},{"ancestorTitles":["VoiceChat on native Android — call-permission ordering"],"fullName":"VoiceChat on native Android — call-permission ordering opens the rationale modal with permanentlyDenied:true and skips getUserMedia when the plugin reports microphonePermanentlyDenied","status":"passed","title":"opens the rationale modal with permanentlyDenied:true and skips getUserMedia when the plugin reports microphonePermanentlyDenied","duration":14.401800000000094,"failureMessages":[],"meta":{},"tags":[]}],"startTime":1778119029304,"endTime":1778119029432.4019,"status":"passed","message":"","name":"C:/Users/cex/Desktop/vixo/tests/call-permission-native-android-ordering.test.tsx"}]}