{"numTotalTestSuites":2,"numPassedTestSuites":2,"numFailedTestSuites":0,"numPendingTestSuites":0,"numTotalTests":5,"numPassedTests":5,"numFailedTests":0,"numPendingTests":0,"numTodoTests":0,"snapshot":{"added":0,"failure":false,"filesAdded":0,"filesRemoved":0,"filesRemovedList":[],"filesUnmatched":0,"filesUpdated":0,"matched":0,"total":0,"unchecked":0,"uncheckedKeysByFile":[],"unmatched":0,"updated":0,"didUpdate":false},"startTime":1778181181924,"success":true,"testResults":[{"assertionResults":[{"ancestorTitles":["handleVoice runtime"],"fullName":"handleVoice runtime accepts a match participant join and exposes peer list state","status":"passed","title":"accepts a match participant join and exposes peer list state","duration":2.3706999999999425,"failureMessages":[],"meta":{},"tags":[]},{"ancestorTitles":["handleVoice runtime"],"fullName":"handleVoice runtime forwards offer to the target peer after both users joined the same room","status":"passed","title":"forwards offer to the target peer after both users joined the same room","duration":0.9772000000000389,"failureMessages":[],"meta":{},"tags":[]},{"ancestorTitles":["handleVoice runtime"],"fullName":"handleVoice runtime keeps challenge first-attempt join free but enforces pricing on the second attempt","status":"passed","title":"keeps challenge first-attempt join free but enforces pricing on the second attempt","duration":0.9034999999998945,"failureMessages":[],"meta":{},"tags":[]},{"ancestorTitles":["handleVoice runtime"],"fullName":"handleVoice runtime rejects joins when rate limit blocks them","status":"passed","title":"rejects joins when rate limit blocks them","duration":0.8697999999999411,"failureMessages":[],"meta":{},"tags":[]},{"ancestorTitles":["handleVoice runtime"],"fullName":"handleVoice runtime replays multi-client event graphs deterministically with ordered delivery","status":"passed","title":"replays multi-client event graphs deterministically with ordered delivery","duration":0.6210000000000946,"failureMessages":[],"meta":{},"tags":[]}],"startTime":1778181183447,"endTime":1778181183452.621,"status":"passed","message":"","name":"C:/Users/cex/Desktop/vixo/tests/voice-websocket-runtime.test.ts"}]}